#
# There is insufficient memory for the Java Runtime Environment to continue.
# Native memory allocation (mmap) failed to map 134217728 bytes for Failed to commit area from 0x0000000080800000 to 0x0000000088800000 of length 134217728.
# Possible reasons:
#   The system is out of physical RAM or swap space
#   The process is running with CompressedOops enabled, and the Java Heap may be blocking the growth of the native heap
# Possible solutions:
#   Reduce memory load on the system
#   Increase physical memory or swap space
#   Check if swap backing store is full
#   Decrease Java heap size (-Xmx/-Xms)
#   Decrease number of Java threads
#   Decrease Java thread stack sizes (-Xss)
#   Set larger code cache with -XX:ReservedCodeCacheSize=
#   JVM is running with Unscaled Compressed Oops mode in which the Java heap is
#     placed in the first 4GB address space. The Java Heap base address is the
#     maximum limit for the native heap growth. Please use -XX:HeapBaseMinAddress
#     to set the Java Heap base and to place the Java Heap above 4GB virtual address.
# This output file may be truncated or incomplete.
#
#  Out of Memory Error (./open/src/hotspot/os/windows/os_windows.cpp:3315), pid=24084, tid=13948
#
# JRE version:  (14.0.2+12) (build )
# Java VM: Java HotSpot(TM) 64-Bit Server VM (14.0.2+12-46, mixed mode, sharing, tiered, compressed oops, g1 gc, windows-amd64)
# No core dump will be written. Minidumps are not enabled by default on client versions of Windows
#

---------------  S U M M A R Y ------------

Command Line: -Dclassworlds.conf=E:\Programs\NetBeans-12.0\netbeans\java\maven\bin\..\bin\m2.conf -Dmaven.home=E:\Programs\NetBeans-12.0\netbeans\java\maven\bin\.. -Dlibrary.jansi.path=E:\Programs\NetBeans-12.0\netbeans\java\maven\bin\..\lib\jansi-native -Dmaven.multiModuleProjectDirectory=D:\NetBeansProjects\NSFD org.codehaus.plexus.classworlds.launcher.Launcher -Dexec.args=-classpath %classpath com.mycompany.nsfd.StartProgram -Dexec.executable=E:\Programs\Java\bin\java.exe -Dmaven.ext.class.path=E:\Programs\NetBeans-12.0\netbeans\java\maven-nblib\netbeans-eventspy.jar -Dfile.encoding=UTF-8 org.codehaus.mojo:exec-maven-plugin:1.5.0:exec

Host: Intel(R) Core(TM) i5-6600K CPU @ 3.50GHz, 4 cores, 7G,  Windows 10 , 64 bit Build 18362 (10.0.18362.959)
Time: Tue Aug 11 15:16:54 2020 GMT Summer Time elapsed time: 0 seconds (0d 0h 0m 0s)

---------------  T H R E A D  ---------------

Current thread (0x0000021e2e052000):  JavaThread "Unknown thread" [_thread_in_vm, id=13948, stack(0x0000002636100000,0x0000002636200000)]

Stack: [0x0000002636100000,0x0000002636200000]
Native frames: (J=compiled Java code, j=interpreted, Vv=VM code, C=native code)
V  [jvm.dll+0x5f8a9a]
V  [jvm.dll+0x74247a]
V  [jvm.dll+0x743c2f]
V  [jvm.dll+0x744273]
V  [jvm.dll+0x20d288]
V  [jvm.dll+0x5f5dea]
V  [jvm.dll+0x5eac45]
V  [jvm.dll+0x2c7e9c]
V  [jvm.dll+0x2c7cd2]
V  [jvm.dll+0x2cdbbc]
V  [jvm.dll+0x313fe8]
V  [jvm.dll+0x313710]
V  [jvm.dll+0x2a092a]
V  [jvm.dll+0x2a1a79]
V  [jvm.dll+0x71fd48]
V  [jvm.dll+0x321c14]
V  [jvm.dll+0x70112c]
V  [jvm.dll+0x392def]
V  [jvm.dll+0x394e61]
C  [jli.dll+0x524b]
C  [ucrtbase.dll+0x20e82]
C  [KERNEL32.DLL+0x17bd4]
C  [ntdll.dll+0x6ce51]


---------------  P R O C E S S  ---------------

Threads class SMR info:
_java_thread_list=0x00007ffce36f3038, length=0, elements={
}

Java Threads: ( => current thread )

Other Threads:
  0x0000021e2e096800 GCTaskThread "GC Thread#0" [stack: 0x0000002636200000,0x0000002636300000] [id=40564]
  0x0000021e2e0a8000 ConcurrentGCThread "G1 Main Marker" [stack: 0x0000002636300000,0x0000002636400000] [id=34840]
  0x0000021e2e0a9800 ConcurrentGCThread "G1 Conc#0" [stack: 0x0000002636400000,0x0000002636500000] [id=10008]

[error occurred during error reporting (printing all threads), id 0xc0000005, EXCEPTION_ACCESS_VIOLATION (0xc0000005) at pc=0x00007ffce2f21257]

VM state:not at safepoint (not fully initialized)

VM Mutex/Monitor currently owned by a thread:  ([mutex/lock_event])
[0x0000021e2e04e8e0] Heap_lock - owner thread: 0x0000021e2e052000

Heap address: 0x0000000080800000, size: 2040 MB, Compressed Oops mode: 32-bit
Narrow klass base: 0x0000000000000000, Narrow klass shift: 0

GC Heap History (0 events):
No events

Deoptimization events (0 events):
No events

Classes unloaded (0 events):
No events

Classes redefined (0 events):
No events

Internal exceptions (0 events):
No events

Events (2 events):
Event: 0.009 Loaded shared library E:\Programs\Java\bin\java.dll
Event: 0.010 Loaded shared library E:\Programs\Java\bin\zip.dll


Dynamic libraries:
0x00007ff606b30000 - 0x00007ff606b3f000 	E:\Programs\Java\bin\java.exe
0x00007ffd40280000 - 0x00007ffd40470000 	C:\WINDOWS\SYSTEM32\ntdll.dll
0x00007ffd3efd0000 - 0x00007ffd3f082000 	C:\WINDOWS\System32\KERNEL32.DLL
0x00007ffd3d730000 - 0x00007ffd3d9d4000 	C:\WINDOWS\System32\KERNELBASE.dll
0x00007ffd3d5a0000 - 0x00007ffd3d69a000 	C:\WINDOWS\System32\ucrtbase.dll
0x00007ffd2cdc0000 - 0x00007ffd2cdd5000 	E:\Programs\Java\bin\VCRUNTIME140.dll
0x00007ffd2cd10000 - 0x00007ffd2cd28000 	E:\Programs\Java\bin\jli.dll
0x00007ffd3f820000 - 0x00007ffd3f8c3000 	C:\WINDOWS\System32\ADVAPI32.dll
0x00007ffd3ef30000 - 0x00007ffd3efce000 	C:\WINDOWS\System32\msvcrt.dll
0x00007ffd3ffa0000 - 0x00007ffd40037000 	C:\WINDOWS\System32\sechost.dll
0x00007ffd40120000 - 0x00007ffd40240000 	C:\WINDOWS\System32\RPCRT4.dll
0x00007ffd3f980000 - 0x00007ffd3fb14000 	C:\WINDOWS\System32\USER32.dll
0x00007ffd35a30000 - 0x00007ffd35cb4000 	C:\WINDOWS\WinSxS\amd64_microsoft.windows.common-controls_6595b64144ccf1df_6.0.18362.959_none_e6c7bbbf130c62bb\COMCTL32.dll
0x00007ffd3d6a0000 - 0x00007ffd3d6c1000 	C:\WINDOWS\System32\win32u.dll
0x00007ffd3f0b0000 - 0x00007ffd3f3e5000 	C:\WINDOWS\System32\combase.dll
0x00007ffd3f560000 - 0x00007ffd3f586000 	C:\WINDOWS\System32\GDI32.dll
0x00007ffd3d3a0000 - 0x00007ffd3d420000 	C:\WINDOWS\System32\bcryptPrimitives.dll
0x00007ffd3d9e0000 - 0x00007ffd3db76000 	C:\WINDOWS\System32\gdi32full.dll
0x00007ffd3d200000 - 0x00007ffd3d29e000 	C:\WINDOWS\System32\msvcp_win.dll
0x00007ffd38230000 - 0x00007ffd3823a000 	C:\WINDOWS\SYSTEM32\VERSION.dll
0x00007ffd3f400000 - 0x00007ffd3f42e000 	C:\WINDOWS\System32\IMM32.DLL
0x00007ffd17d50000 - 0x00007ffd17deb000 	E:\Programs\Java\bin\msvcp140.dll
0x00007ffce2c70000 - 0x00007ffce378e000 	E:\Programs\Java\bin\server\jvm.dll
0x00007ffd3ff90000 - 0x00007ffd3ff98000 	C:\WINDOWS\System32\PSAPI.DLL
0x00007ffd26220000 - 0x00007ffd26229000 	C:\WINDOWS\SYSTEM32\WSOCK32.dll
0x00007ffd39d50000 - 0x00007ffd39d74000 	C:\WINDOWS\SYSTEM32\WINMM.dll
0x00007ffd400b0000 - 0x00007ffd4011f000 	C:\WINDOWS\System32\WS2_32.dll
0x00007ffd39d20000 - 0x00007ffd39d4d000 	C:\WINDOWS\SYSTEM32\WINMMBASE.dll
0x00007ffd3d2a0000 - 0x00007ffd3d2ea000 	C:\WINDOWS\System32\cfgmgr32.dll
0x00007ffd3d140000 - 0x00007ffd3d151000 	C:\WINDOWS\System32\kernel.appcore.dll
0x00007ffd35cf0000 - 0x00007ffd35cfa000 	E:\Programs\Java\bin\jimage.dll
0x00007ffd23990000 - 0x00007ffd23b84000 	C:\WINDOWS\SYSTEM32\DBGHELP.DLL
0x00007ffd235b0000 - 0x00007ffd235da000 	C:\WINDOWS\SYSTEM32\dbgcore.DLL
0x00007ffd2c8d0000 - 0x00007ffd2c8f5000 	E:\Programs\Java\bin\java.dll
0x00007ffd2c660000 - 0x00007ffd2c676000 	E:\Programs\Java\bin\zip.dll

dbghelp: loaded successfully - version: 4.0.5 - missing functions: none
symbol engine: initialized successfully - sym options: 0x614 - pdb path: .;E:\Programs\Java\bin;C:\WINDOWS\SYSTEM32;C:\WINDOWS\WinSxS\amd64_microsoft.windows.common-controls_6595b64144ccf1df_6.0.18362.959_none_e6c7bbbf130c62bb;E:\Programs\Java\bin\server

VM Arguments:
jvm_args: -Dclassworlds.conf=E:\Programs\NetBeans-12.0\netbeans\java\maven\bin\..\bin\m2.conf -Dmaven.home=E:\Programs\NetBeans-12.0\netbeans\java\maven\bin\.. -Dlibrary.jansi.path=E:\Programs\NetBeans-12.0\netbeans\java\maven\bin\..\lib\jansi-native -Dmaven.multiModuleProjectDirectory=D:\NetBeansProjects\NSFD 
java_command: org.codehaus.plexus.classworlds.launcher.Launcher -Dexec.args=-classpath %classpath com.mycompany.nsfd.StartProgram -Dexec.executable=E:\Programs\Java\bin\java.exe -Dmaven.ext.class.path=E:\Programs\NetBeans-12.0\netbeans\java\maven-nblib\netbeans-eventspy.jar -Dfile.encoding=UTF-8 org.codehaus.mojo:exec-maven-plugin:1.5.0:exec
java_class_path (initial): E:\Programs\NetBeans-12.0\netbeans\java\maven\bin\..\boot\plexus-classworlds-2.6.0.jar
Launcher Type: SUN_STANDARD

[Global flags]
     intx CICompilerCount                          = 3                                         {product} {ergonomic}
     uint ConcGCThreads                            = 1                                         {product} {ergonomic}
     uint G1ConcRefinementThreads                  = 4                                         {product} {ergonomic}
   size_t G1HeapRegionSize                         = 1048576                                   {product} {ergonomic}
    uintx GCDrainStackTargetSize                   = 64                                        {product} {ergonomic}
   size_t InitialHeapSize                          = 134217728                                 {product} {ergonomic}
   size_t MarkStackSize                            = 4194304                                   {product} {ergonomic}
   size_t MaxHeapSize                              = 2139095040                                {product} {ergonomic}
   size_t MinHeapDeltaBytes                        = 1048576                                   {product} {ergonomic}
   size_t MinHeapSize                              = 8388608                                   {product} {ergonomic}
    uintx NonNMethodCodeHeapSize                   = 5832780                                {pd product} {ergonomic}
    uintx NonProfiledCodeHeapSize                  = 122912730                              {pd product} {ergonomic}
    uintx ProfiledCodeHeapSize                     = 122912730                              {pd product} {ergonomic}
    uintx ReservedCodeCacheSize                    = 251658240                              {pd product} {ergonomic}
     bool SegmentedCodeCache                       = true                                      {product} {ergonomic}
   size_t SoftMaxHeapSize                          = 2139095040                             {manageable} {ergonomic}
     bool UseCompressedClassPointers               = true                                 {lp64_product} {ergonomic}
     bool UseCompressedOops                        = true                                 {lp64_product} {ergonomic}
     bool UseG1GC                                  = true                                      {product} {ergonomic}
     bool UseLargePagesIndividualAllocation        = false                                  {pd product} {ergonomic}

Logging:
Log output configuration:
 #0: stdout all=warning uptime,level,tags
 #1: stderr all=off uptime,level,tags

Environment Variables:
JAVA_HOME=E:\Programs\Java
PATH=C:\Program Files (x86)\Common Files\Intel\Shared Libraries\redist\intel64\compiler;C:\app\Ellie\product\18.0.0\dbhomeXE\bin;C:\Program Files (x86)\Razer Chroma SDK\bin;C:\Program Files\Razer Chroma SDK\bin;C:\ProgramData\Oracle\Java\javapath;C:\Windows\system32;C:\Windows;C:\Windows\System32\Wbem;C:\Windows\System32\WindowsPowerShell\v1.0\;C:\Program Files (x86)\NVIDIA Corporation\PhysX\Common;C:\WINDOWS\system32;C:\WINDOWS;C:\WINDOWS\System32\Wbem;C:\WINDOWS\System32\WindowsPowerShell\v1.0\;C:\WINDOWS\System32\OpenSSH\;C:\Program Files\PuTTY\;C:\WINDOWS\system32\config\systemprofile\AppData\Local\Microsoft\WindowsApps;C:\Program Files\NVIDIA Corporation\NVIDIA NvDLISR;C:\WINDOWS\system32;C:\WINDOWS;C:\WINDOWS\System32\Wbem;C:\WINDOWS\System32\WindowsPowerShell\v1.0\;C:\WINDOWS\System32\OpenSSH\;C:\Users\Ellie\AppData\Local\Microsoft\WindowsApps;C:\Users\Ellie\AppData\Local\GitHubDesktop\bin;C:\Users\Ellie\AppData\Local\atom\bin;C:\Users\Ellie\AppData\Local\Microsoft\WindowsApps;C:\Program Files (x86)\Nmap;
USERNAME=Ellie
OS=Windows_NT
PROCESSOR_IDENTIFIER=Intel64 Family 6 Model 94 Stepping 3, GenuineIntel



---------------  S Y S T E M  ---------------

OS: Windows 10 , 64 bit Build 18362 (10.0.18362.959)
OS uptime: 24 days 16:57 hours

CPU:total 4 (initial active 4) (4 cores per cpu, 1 threads per core) family 6 model 94 stepping 3, cmov, cx8, fxsr, mmx, sse, sse2, sse3, ssse3, sse4.1, sse4.2, popcnt, avx, avx2, aes, clmul, erms, rtm, 3dnowpref, lzcnt, tsc, tscinvbit, bmi1, bmi2, adx, fma

Memory: 4k page, system-wide physical 8156M (455M free)
TotalPageFile size 32732M (AvailPageFile size 56M)
current process WorkingSet (physical memory assigned to process): 10M, peak: 10M
current process commit charge ("private bytes"): 52M, peak: 180M

vm_info: Java HotSpot(TM) 64-Bit Server VM (14.0.2+12-46) for windows-amd64 JRE (14.0.2+12-46), built on Jul  9 2020 00:35:52 by "mach5one" with MS VC++ 15.9 (VS2017)

END.
