#
# There is insufficient memory for the Java Runtime Environment to continue.
# Native memory allocation (malloc) failed to allocate 32744 bytes for ChunkPool::allocate
# Possible reasons:
#   The system is out of physical RAM or swap space
#   The process is running with CompressedOops enabled, and the Java Heap may be blocking the growth of the native heap
# Possible solutions:
#   Reduce memory load on the system
#   Increase physical memory or swap space
#   Check if swap backing store is full
#   Decrease Java heap size (-Xmx/-Xms)
#   Decrease number of Java threads
#   Decrease Java thread stack sizes (-Xss)
#   Set larger code cache with -XX:ReservedCodeCacheSize=
#   JVM is running with Unscaled Compressed Oops mode in which the Java heap is
#     placed in the first 4GB address space. The Java Heap base address is the
#     maximum limit for the native heap growth. Please use -XX:HeapBaseMinAddress
#     to set the Java Heap base and to place the Java Heap above 4GB virtual address.
# This output file may be truncated or incomplete.
#
#  Out of Memory Error (./open/src/hotspot/share/memory/arena.cpp:79), pid=48000, tid=8132
#
# JRE version: Java(TM) SE Runtime Environment (14.0.2+12) (build 14.0.2+12-46)
# Java VM: Java HotSpot(TM) 64-Bit Server VM (14.0.2+12-46, mixed mode, sharing, tiered, compressed oops, g1 gc, windows-amd64)
# No core dump will be written. Minidumps are not enabled by default on client versions of Windows
#

---------------  S U M M A R Y ------------

Command Line: com.mycompany.nsfd.mainJFrame

Host: Intel(R) Core(TM) i5-6600K CPU @ 3.50GHz, 4 cores, 7G,  Windows 10 , 64 bit Build 18362 (10.0.18362.959)
Time: Tue Aug 11 19:34:58 2020 GMT Summer Time elapsed time: 28735 seconds (0d 7h 58m 55s)

---------------  T H R E A D  ---------------

Current thread (0x0000022ac580d000):  JavaThread "C2 CompilerThread0" daemon [_thread_in_native, id=8132, stack(0x000000862ca00000,0x000000862cb00000)]


Current CompileTask:
C2:28735545  923       4       java.util.HashMap::hash (20 bytes)

Stack: [0x000000862ca00000,0x000000862cb00000]
Native frames: (J=compiled Java code, j=interpreted, Vv=VM code, C=native code)
V  [jvm.dll+0x5f8a9a]
V  [jvm.dll+0x74247a]
V  [jvm.dll+0x743c2f]
V  [jvm.dll+0x744273]
V  [jvm.dll+0x20d288]
V  [jvm.dll+0xabea6]
V  [jvm.dll+0xabc7d]
V  [jvm.dll+0x5d997b]
V  [jvm.dll+0x621b0e]
V  [jvm.dll+0x18cecc]
V  [jvm.dll+0x1e5efa]
V  [jvm.dll+0x1e50b8]
V  [jvm.dll+0x1779cc]
V  [jvm.dll+0x1f4105]
V  [jvm.dll+0x1f22eb]
V  [jvm.dll+0x7070cd]
V  [jvm.dll+0x6ffeda]
V  [jvm.dll+0x5f78f6]
C  [ucrtbase.dll+0x20e82]
C  [KERNEL32.DLL+0x17bd4]
C  [ntdll.dll+0x6ce51]


---------------  P R O C E S S  ---------------

Threads class SMR info:
_java_thread_list=0x0000022ac6516270, length=15, elements={
0x0000022ac57e6000, 0x0000022ac57e7000, 0x0000022ac57fe800, 0x0000022ac5802000,
0x0000022ac5804000, 0x0000022ac580d000, 0x0000022ac5833800, 0x0000022ac5834800,
0x0000022ac626c000, 0x0000022ac6272000, 0x0000022ac6478000, 0x0000022ac647b000,
0x0000022ac647c000, 0x0000022ac62a9000, 0x0000022aa6fb1000
}

Java Threads: ( => current thread )
  0x0000022ac57e6000 JavaThread "Reference Handler" daemon [_thread_blocked, id=800, stack(0x000000862c500000,0x000000862c600000)]
  0x0000022ac57e7000 JavaThread "Finalizer" daemon [_thread_blocked, id=41932, stack(0x000000862c600000,0x000000862c700000)]
  0x0000022ac57fe800 JavaThread "Signal Dispatcher" daemon [_thread_blocked, id=36488, stack(0x000000862c700000,0x000000862c800000)]
  0x0000022ac5802000 JavaThread "Attach Listener" daemon [_thread_blocked, id=10860, stack(0x000000862c800000,0x000000862c900000)]
  0x0000022ac5804000 JavaThread "Service Thread" daemon [_thread_blocked, id=11780, stack(0x000000862c900000,0x000000862ca00000)]
=>0x0000022ac580d000 JavaThread "C2 CompilerThread0" daemon [_thread_in_native, id=8132, stack(0x000000862ca00000,0x000000862cb00000)]
  0x0000022ac5833800 JavaThread "C1 CompilerThread0" daemon [_thread_blocked, id=5564, stack(0x000000862cb00000,0x000000862cc00000)]
  0x0000022ac5834800 JavaThread "Sweeper thread" daemon [_thread_blocked, id=1308, stack(0x000000862cc00000,0x000000862cd00000)]
  0x0000022ac626c000 JavaThread "Notification Thread" daemon [_thread_blocked, id=2672, stack(0x000000862cd00000,0x000000862ce00000)]
  0x0000022ac6272000 JavaThread "Common-Cleaner" daemon [_thread_blocked, id=45380, stack(0x000000862cf00000,0x000000862d000000)]
  0x0000022ac6478000 JavaThread "Java2D Disposer" daemon [_thread_blocked, id=40748, stack(0x000000862d000000,0x000000862d100000)]
  0x0000022ac647b000 JavaThread "AWT-Shutdown" [_thread_blocked, id=2880, stack(0x000000862d100000,0x000000862d200000)]
  0x0000022ac647c000 JavaThread "AWT-Windows" daemon [_thread_in_native, id=21716, stack(0x000000862d200000,0x000000862d300000)]
  0x0000022ac62a9000 JavaThread "AWT-EventQueue-0" [_thread_in_native, id=43680, stack(0x000000862d300000,0x000000862d400000)]
  0x0000022aa6fb1000 JavaThread "DestroyJavaVM" [_thread_blocked, id=44332, stack(0x000000862be00000,0x000000862bf00000)]

Other Threads:
  0x0000022ac57e0000 VMThread "VM Thread" [stack: 0x000000862c400000,0x000000862c500000] [id=21232]
  0x0000022ac6271000 WatcherThread [stack: 0x000000862ce00000,0x000000862cf00000] [id=43920]
  0x0000022aa6ff3800 GCTaskThread "GC Thread#0" [stack: 0x000000862bf00000,0x000000862c000000] [id=38428]
  0x0000022aa7005800 ConcurrentGCThread "G1 Main Marker" [stack: 0x000000862c000000,0x000000862c100000] [id=23772]
  0x0000022aa7007000 ConcurrentGCThread "G1 Conc#0" [stack: 0x000000862c100000,0x000000862c200000] [id=17780]
  0x0000022aa707e000 ConcurrentGCThread "G1 Refine#0" [stack: 0x000000862c200000,0x000000862c300000] [id=14608]
  0x0000022ac5658800 ConcurrentGCThread "G1 Young RemSet Sampling" [stack: 0x000000862c300000,0x000000862c400000] [id=44264]

Threads with active compile tasks:
C2 CompilerThread0  28735610  923       4       java.util.HashMap::hash (20 bytes)

VM state:not at safepoint (normal execution)

VM Mutex/Monitor currently owned by a thread: None

Heap address: 0x0000000080800000, size: 2040 MB, Compressed Oops mode: 32-bit
Narrow klass base: 0x0000000800000000, Narrow klass shift: 3
Compressed class space size: 1073741824 Address: 0x0000000800b30000

Heap:
 garbage-first heap   total 131072K, used 7168K [0x0000000080800000, 0x0000000100000000)
  region size 1024K, 6 young (6144K), 0 survivors (0K)
 Metaspace       used 8158K, capacity 8358K, committed 8576K, reserved 1056768K
  class space    used 957K, capacity 1071K, committed 1152K, reserved 1048576K
Heap Regions: E=young(eden), S=young(survivor), O=old, HS=humongous(starts), HC=humongous(continues), CS=collection set, F=free, OA=open archive, CA=closed archive, TAMS=top-at-mark-start (previous, next)
|   0|0x0000000080800000, 0x0000000080900000, 0x0000000080900000|100%|HS|  |TAMS 0x0000000080800000, 0x0000000080800000| Complete 
|   1|0x0000000080900000, 0x0000000080a00000, 0x0000000080a00000|100%|HC|  |TAMS 0x0000000080900000, 0x0000000080900000| Complete 
|   2|0x0000000080a00000, 0x0000000080a00000, 0x0000000080b00000|  0%| F|  |TAMS 0x0000000080a00000, 0x0000000080a00000| Untracked 
|   3|0x0000000080b00000, 0x0000000080b00000, 0x0000000080c00000|  0%| F|  |TAMS 0x0000000080b00000, 0x0000000080b00000| Untracked 
|   4|0x0000000080c00000, 0x0000000080c00000, 0x0000000080d00000|  0%| F|  |TAMS 0x0000000080c00000, 0x0000000080c00000| Untracked 
|   5|0x0000000080d00000, 0x0000000080d00000, 0x0000000080e00000|  0%| F|  |TAMS 0x0000000080d00000, 0x0000000080d00000| Untracked 
|   6|0x0000000080e00000, 0x0000000080e00000, 0x0000000080f00000|  0%| F|  |TAMS 0x0000000080e00000, 0x0000000080e00000| Untracked 
|   7|0x0000000080f00000, 0x0000000080f00000, 0x0000000081000000|  0%| F|  |TAMS 0x0000000080f00000, 0x0000000080f00000| Untracked 
|   8|0x0000000081000000, 0x0000000081000000, 0x0000000081100000|  0%| F|  |TAMS 0x0000000081000000, 0x0000000081000000| Untracked 
|   9|0x0000000081100000, 0x0000000081100000, 0x0000000081200000|  0%| F|  |TAMS 0x0000000081100000, 0x0000000081100000| Untracked 
|  10|0x0000000081200000, 0x0000000081200000, 0x0000000081300000|  0%| F|  |TAMS 0x0000000081200000, 0x0000000081200000| Untracked 
|  11|0x0000000081300000, 0x0000000081300000, 0x0000000081400000|  0%| F|  |TAMS 0x0000000081300000, 0x0000000081300000| Untracked 
|  12|0x0000000081400000, 0x0000000081400000, 0x0000000081500000|  0%| F|  |TAMS 0x0000000081400000, 0x0000000081400000| Untracked 
|  13|0x0000000081500000, 0x0000000081500000, 0x0000000081600000|  0%| F|  |TAMS 0x0000000081500000, 0x0000000081500000| Untracked 
|  14|0x0000000081600000, 0x0000000081600000, 0x0000000081700000|  0%| F|  |TAMS 0x0000000081600000, 0x0000000081600000| Untracked 
|  15|0x0000000081700000, 0x0000000081700000, 0x0000000081800000|  0%| F|  |TAMS 0x0000000081700000, 0x0000000081700000| Untracked 
|  16|0x0000000081800000, 0x0000000081800000, 0x0000000081900000|  0%| F|  |TAMS 0x0000000081800000, 0x0000000081800000| Untracked 
|  17|0x0000000081900000, 0x0000000081900000, 0x0000000081a00000|  0%| F|  |TAMS 0x0000000081900000, 0x0000000081900000| Untracked 
|  18|0x0000000081a00000, 0x0000000081a00000, 0x0000000081b00000|  0%| F|  |TAMS 0x0000000081a00000, 0x0000000081a00000| Untracked 
|  19|0x0000000081b00000, 0x0000000081b00000, 0x0000000081c00000|  0%| F|  |TAMS 0x0000000081b00000, 0x0000000081b00000| Untracked 
|  20|0x0000000081c00000, 0x0000000081c00000, 0x0000000081d00000|  0%| F|  |TAMS 0x0000000081c00000, 0x0000000081c00000| Untracked 
|  21|0x0000000081d00000, 0x0000000081d00000, 0x0000000081e00000|  0%| F|  |TAMS 0x0000000081d00000, 0x0000000081d00000| Untracked 
|  22|0x0000000081e00000, 0x0000000081e00000, 0x0000000081f00000|  0%| F|  |TAMS 0x0000000081e00000, 0x0000000081e00000| Untracked 
|  23|0x0000000081f00000, 0x0000000081f00000, 0x0000000082000000|  0%| F|  |TAMS 0x0000000081f00000, 0x0000000081f00000| Untracked 
|  24|0x0000000082000000, 0x0000000082000000, 0x0000000082100000|  0%| F|  |TAMS 0x0000000082000000, 0x0000000082000000| Untracked 
|  25|0x0000000082100000, 0x0000000082100000, 0x0000000082200000|  0%| F|  |TAMS 0x0000000082100000, 0x0000000082100000| Untracked 
|  26|0x0000000082200000, 0x0000000082200000, 0x0000000082300000|  0%| F|  |TAMS 0x0000000082200000, 0x0000000082200000| Untracked 
|  27|0x0000000082300000, 0x0000000082300000, 0x0000000082400000|  0%| F|  |TAMS 0x0000000082300000, 0x0000000082300000| Untracked 
|  28|0x0000000082400000, 0x0000000082400000, 0x0000000082500000|  0%| F|  |TAMS 0x0000000082400000, 0x0000000082400000| Untracked 
|  29|0x0000000082500000, 0x0000000082500000, 0x0000000082600000|  0%| F|  |TAMS 0x0000000082500000, 0x0000000082500000| Untracked 
|  30|0x0000000082600000, 0x0000000082600000, 0x0000000082700000|  0%| F|  |TAMS 0x0000000082600000, 0x0000000082600000| Untracked 
|  31|0x0000000082700000, 0x0000000082700000, 0x0000000082800000|  0%| F|  |TAMS 0x0000000082700000, 0x0000000082700000| Untracked 
|  32|0x0000000082800000, 0x0000000082800000, 0x0000000082900000|  0%| F|  |TAMS 0x0000000082800000, 0x0000000082800000| Untracked 
|  33|0x0000000082900000, 0x0000000082900000, 0x0000000082a00000|  0%| F|  |TAMS 0x0000000082900000, 0x0000000082900000| Untracked 
|  34|0x0000000082a00000, 0x0000000082a00000, 0x0000000082b00000|  0%| F|  |TAMS 0x0000000082a00000, 0x0000000082a00000| Untracked 
|  35|0x0000000082b00000, 0x0000000082b00000, 0x0000000082c00000|  0%| F|  |TAMS 0x0000000082b00000, 0x0000000082b00000| Untracked 
|  36|0x0000000082c00000, 0x0000000082c00000, 0x0000000082d00000|  0%| F|  |TAMS 0x0000000082c00000, 0x0000000082c00000| Untracked 
|  37|0x0000000082d00000, 0x0000000082d00000, 0x0000000082e00000|  0%| F|  |TAMS 0x0000000082d00000, 0x0000000082d00000| Untracked 
|  38|0x0000000082e00000, 0x0000000082e00000, 0x0000000082f00000|  0%| F|  |TAMS 0x0000000082e00000, 0x0000000082e00000| Untracked 
|  39|0x0000000082f00000, 0x0000000082f00000, 0x0000000083000000|  0%| F|  |TAMS 0x0000000082f00000, 0x0000000082f00000| Untracked 
|  40|0x0000000083000000, 0x0000000083000000, 0x0000000083100000|  0%| F|  |TAMS 0x0000000083000000, 0x0000000083000000| Untracked 
|  41|0x0000000083100000, 0x0000000083100000, 0x0000000083200000|  0%| F|  |TAMS 0x0000000083100000, 0x0000000083100000| Untracked 
|  42|0x0000000083200000, 0x0000000083200000, 0x0000000083300000|  0%| F|  |TAMS 0x0000000083200000, 0x0000000083200000| Untracked 
|  43|0x0000000083300000, 0x0000000083300000, 0x0000000083400000|  0%| F|  |TAMS 0x0000000083300000, 0x0000000083300000| Untracked 
|  44|0x0000000083400000, 0x0000000083400000, 0x0000000083500000|  0%| F|  |TAMS 0x0000000083400000, 0x0000000083400000| Untracked 
|  45|0x0000000083500000, 0x0000000083500000, 0x0000000083600000|  0%| F|  |TAMS 0x0000000083500000, 0x0000000083500000| Untracked 
|  46|0x0000000083600000, 0x0000000083600000, 0x0000000083700000|  0%| F|  |TAMS 0x0000000083600000, 0x0000000083600000| Untracked 
|  47|0x0000000083700000, 0x0000000083700000, 0x0000000083800000|  0%| F|  |TAMS 0x0000000083700000, 0x0000000083700000| Untracked 
|  48|0x0000000083800000, 0x0000000083800000, 0x0000000083900000|  0%| F|  |TAMS 0x0000000083800000, 0x0000000083800000| Untracked 
|  49|0x0000000083900000, 0x0000000083900000, 0x0000000083a00000|  0%| F|  |TAMS 0x0000000083900000, 0x0000000083900000| Untracked 
|  50|0x0000000083a00000, 0x0000000083a00000, 0x0000000083b00000|  0%| F|  |TAMS 0x0000000083a00000, 0x0000000083a00000| Untracked 
|  51|0x0000000083b00000, 0x0000000083b00000, 0x0000000083c00000|  0%| F|  |TAMS 0x0000000083b00000, 0x0000000083b00000| Untracked 
|  52|0x0000000083c00000, 0x0000000083c00000, 0x0000000083d00000|  0%| F|  |TAMS 0x0000000083c00000, 0x0000000083c00000| Untracked 
|  53|0x0000000083d00000, 0x0000000083d00000, 0x0000000083e00000|  0%| F|  |TAMS 0x0000000083d00000, 0x0000000083d00000| Untracked 
|  54|0x0000000083e00000, 0x0000000083e00000, 0x0000000083f00000|  0%| F|  |TAMS 0x0000000083e00000, 0x0000000083e00000| Untracked 
|  55|0x0000000083f00000, 0x0000000083f00000, 0x0000000084000000|  0%| F|  |TAMS 0x0000000083f00000, 0x0000000083f00000| Untracked 
|  56|0x0000000084000000, 0x0000000084000000, 0x0000000084100000|  0%| F|  |TAMS 0x0000000084000000, 0x0000000084000000| Untracked 
|  57|0x0000000084100000, 0x0000000084100000, 0x0000000084200000|  0%| F|  |TAMS 0x0000000084100000, 0x0000000084100000| Untracked 
|  58|0x0000000084200000, 0x0000000084200000, 0x0000000084300000|  0%| F|  |TAMS 0x0000000084200000, 0x0000000084200000| Untracked 
|  59|0x0000000084300000, 0x0000000084300000, 0x0000000084400000|  0%| F|  |TAMS 0x0000000084300000, 0x0000000084300000| Untracked 
|  60|0x0000000084400000, 0x0000000084400000, 0x0000000084500000|  0%| F|  |TAMS 0x0000000084400000, 0x0000000084400000| Untracked 
|  61|0x0000000084500000, 0x0000000084500000, 0x0000000084600000|  0%| F|  |TAMS 0x0000000084500000, 0x0000000084500000| Untracked 
|  62|0x0000000084600000, 0x0000000084600000, 0x0000000084700000|  0%| F|  |TAMS 0x0000000084600000, 0x0000000084600000| Untracked 
|  63|0x0000000084700000, 0x0000000084700000, 0x0000000084800000|  0%| F|  |TAMS 0x0000000084700000, 0x0000000084700000| Untracked 
|  64|0x0000000084800000, 0x0000000084800000, 0x0000000084900000|  0%| F|  |TAMS 0x0000000084800000, 0x0000000084800000| Untracked 
|  65|0x0000000084900000, 0x0000000084900000, 0x0000000084a00000|  0%| F|  |TAMS 0x0000000084900000, 0x0000000084900000| Untracked 
|  66|0x0000000084a00000, 0x0000000084a00000, 0x0000000084b00000|  0%| F|  |TAMS 0x0000000084a00000, 0x0000000084a00000| Untracked 
|  67|0x0000000084b00000, 0x0000000084b00000, 0x0000000084c00000|  0%| F|  |TAMS 0x0000000084b00000, 0x0000000084b00000| Untracked 
|  68|0x0000000084c00000, 0x0000000084c00000, 0x0000000084d00000|  0%| F|  |TAMS 0x0000000084c00000, 0x0000000084c00000| Untracked 
|  69|0x0000000084d00000, 0x0000000084d00000, 0x0000000084e00000|  0%| F|  |TAMS 0x0000000084d00000, 0x0000000084d00000| Untracked 
|  70|0x0000000084e00000, 0x0000000084e00000, 0x0000000084f00000|  0%| F|  |TAMS 0x0000000084e00000, 0x0000000084e00000| Untracked 
|  71|0x0000000084f00000, 0x0000000084f00000, 0x0000000085000000|  0%| F|  |TAMS 0x0000000084f00000, 0x0000000084f00000| Untracked 
|  72|0x0000000085000000, 0x0000000085000000, 0x0000000085100000|  0%| F|  |TAMS 0x0000000085000000, 0x0000000085000000| Untracked 
|  73|0x0000000085100000, 0x0000000085100000, 0x0000000085200000|  0%| F|  |TAMS 0x0000000085100000, 0x0000000085100000| Untracked 
|  74|0x0000000085200000, 0x0000000085200000, 0x0000000085300000|  0%| F|  |TAMS 0x0000000085200000, 0x0000000085200000| Untracked 
|  75|0x0000000085300000, 0x0000000085300000, 0x0000000085400000|  0%| F|  |TAMS 0x0000000085300000, 0x0000000085300000| Untracked 
|  76|0x0000000085400000, 0x0000000085400000, 0x0000000085500000|  0%| F|  |TAMS 0x0000000085400000, 0x0000000085400000| Untracked 
|  77|0x0000000085500000, 0x0000000085500000, 0x0000000085600000|  0%| F|  |TAMS 0x0000000085500000, 0x0000000085500000| Untracked 
|  78|0x0000000085600000, 0x0000000085600000, 0x0000000085700000|  0%| F|  |TAMS 0x0000000085600000, 0x0000000085600000| Untracked 
|  79|0x0000000085700000, 0x0000000085700000, 0x0000000085800000|  0%| F|  |TAMS 0x0000000085700000, 0x0000000085700000| Untracked 
|  80|0x0000000085800000, 0x0000000085800000, 0x0000000085900000|  0%| F|  |TAMS 0x0000000085800000, 0x0000000085800000| Untracked 
|  81|0x0000000085900000, 0x0000000085900000, 0x0000000085a00000|  0%| F|  |TAMS 0x0000000085900000, 0x0000000085900000| Untracked 
|  82|0x0000000085a00000, 0x0000000085a00000, 0x0000000085b00000|  0%| F|  |TAMS 0x0000000085a00000, 0x0000000085a00000| Untracked 
|  83|0x0000000085b00000, 0x0000000085b00000, 0x0000000085c00000|  0%| F|  |TAMS 0x0000000085b00000, 0x0000000085b00000| Untracked 
|  84|0x0000000085c00000, 0x0000000085c00000, 0x0000000085d00000|  0%| F|  |TAMS 0x0000000085c00000, 0x0000000085c00000| Untracked 
|  85|0x0000000085d00000, 0x0000000085d00000, 0x0000000085e00000|  0%| F|  |TAMS 0x0000000085d00000, 0x0000000085d00000| Untracked 
|  86|0x0000000085e00000, 0x0000000085e00000, 0x0000000085f00000|  0%| F|  |TAMS 0x0000000085e00000, 0x0000000085e00000| Untracked 
|  87|0x0000000085f00000, 0x0000000085f00000, 0x0000000086000000|  0%| F|  |TAMS 0x0000000085f00000, 0x0000000085f00000| Untracked 
|  88|0x0000000086000000, 0x0000000086000000, 0x0000000086100000|  0%| F|  |TAMS 0x0000000086000000, 0x0000000086000000| Untracked 
|  89|0x0000000086100000, 0x0000000086100000, 0x0000000086200000|  0%| F|  |TAMS 0x0000000086100000, 0x0000000086100000| Untracked 
|  90|0x0000000086200000, 0x0000000086200000, 0x0000000086300000|  0%| F|  |TAMS 0x0000000086200000, 0x0000000086200000| Untracked 
|  91|0x0000000086300000, 0x0000000086300000, 0x0000000086400000|  0%| F|  |TAMS 0x0000000086300000, 0x0000000086300000| Untracked 
|  92|0x0000000086400000, 0x0000000086400000, 0x0000000086500000|  0%| F|  |TAMS 0x0000000086400000, 0x0000000086400000| Untracked 
|  93|0x0000000086500000, 0x0000000086500000, 0x0000000086600000|  0%| F|  |TAMS 0x0000000086500000, 0x0000000086500000| Untracked 
|  94|0x0000000086600000, 0x0000000086600000, 0x0000000086700000|  0%| F|  |TAMS 0x0000000086600000, 0x0000000086600000| Untracked 
|  95|0x0000000086700000, 0x0000000086700000, 0x0000000086800000|  0%| F|  |TAMS 0x0000000086700000, 0x0000000086700000| Untracked 
|  96|0x0000000086800000, 0x0000000086800000, 0x0000000086900000|  0%| F|  |TAMS 0x0000000086800000, 0x0000000086800000| Untracked 
|  97|0x0000000086900000, 0x0000000086900000, 0x0000000086a00000|  0%| F|  |TAMS 0x0000000086900000, 0x0000000086900000| Untracked 
|  98|0x0000000086a00000, 0x0000000086a00000, 0x0000000086b00000|  0%| F|  |TAMS 0x0000000086a00000, 0x0000000086a00000| Untracked 
|  99|0x0000000086b00000, 0x0000000086b00000, 0x0000000086c00000|  0%| F|  |TAMS 0x0000000086b00000, 0x0000000086b00000| Untracked 
| 100|0x0000000086c00000, 0x0000000086c00000, 0x0000000086d00000|  0%| F|  |TAMS 0x0000000086c00000, 0x0000000086c00000| Untracked 
| 101|0x0000000086d00000, 0x0000000086d00000, 0x0000000086e00000|  0%| F|  |TAMS 0x0000000086d00000, 0x0000000086d00000| Untracked 
| 102|0x0000000086e00000, 0x0000000086e00000, 0x0000000086f00000|  0%| F|  |TAMS 0x0000000086e00000, 0x0000000086e00000| Untracked 
| 103|0x0000000086f00000, 0x0000000086f00000, 0x0000000087000000|  0%| F|  |TAMS 0x0000000086f00000, 0x0000000086f00000| Untracked 
| 104|0x0000000087000000, 0x0000000087000000, 0x0000000087100000|  0%| F|  |TAMS 0x0000000087000000, 0x0000000087000000| Untracked 
| 105|0x0000000087100000, 0x0000000087100000, 0x0000000087200000|  0%| F|  |TAMS 0x0000000087100000, 0x0000000087100000| Untracked 
| 106|0x0000000087200000, 0x0000000087200000, 0x0000000087300000|  0%| F|  |TAMS 0x0000000087200000, 0x0000000087200000| Untracked 
| 107|0x0000000087300000, 0x0000000087300000, 0x0000000087400000|  0%| F|  |TAMS 0x0000000087300000, 0x0000000087300000| Untracked 
| 108|0x0000000087400000, 0x0000000087400000, 0x0000000087500000|  0%| F|  |TAMS 0x0000000087400000, 0x0000000087400000| Untracked 
| 109|0x0000000087500000, 0x0000000087500000, 0x0000000087600000|  0%| F|  |TAMS 0x0000000087500000, 0x0000000087500000| Untracked 
| 110|0x0000000087600000, 0x0000000087600000, 0x0000000087700000|  0%| F|  |TAMS 0x0000000087600000, 0x0000000087600000| Untracked 
| 111|0x0000000087700000, 0x0000000087700000, 0x0000000087800000|  0%| F|  |TAMS 0x0000000087700000, 0x0000000087700000| Untracked 
| 112|0x0000000087800000, 0x0000000087800000, 0x0000000087900000|  0%| F|  |TAMS 0x0000000087800000, 0x0000000087800000| Untracked 
| 113|0x0000000087900000, 0x0000000087900000, 0x0000000087a00000|  0%| F|  |TAMS 0x0000000087900000, 0x0000000087900000| Untracked 
| 114|0x0000000087a00000, 0x0000000087a00000, 0x0000000087b00000|  0%| F|  |TAMS 0x0000000087a00000, 0x0000000087a00000| Untracked 
| 115|0x0000000087b00000, 0x0000000087b00000, 0x0000000087c00000|  0%| F|  |TAMS 0x0000000087b00000, 0x0000000087b00000| Untracked 
| 116|0x0000000087c00000, 0x0000000087c00000, 0x0000000087d00000|  0%| F|  |TAMS 0x0000000087c00000, 0x0000000087c00000| Untracked 
| 117|0x0000000087d00000, 0x0000000087d00000, 0x0000000087e00000|  0%| F|  |TAMS 0x0000000087d00000, 0x0000000087d00000| Untracked 
| 118|0x0000000087e00000, 0x0000000087e00000, 0x0000000087f00000|  0%| F|  |TAMS 0x0000000087e00000, 0x0000000087e00000| Untracked 
| 119|0x0000000087f00000, 0x0000000087f00000, 0x0000000088000000|  0%| F|  |TAMS 0x0000000087f00000, 0x0000000087f00000| Untracked 
| 120|0x0000000088000000, 0x0000000088000000, 0x0000000088100000|  0%| F|  |TAMS 0x0000000088000000, 0x0000000088000000| Untracked 
| 121|0x0000000088100000, 0x0000000088100000, 0x0000000088200000|  0%| F|  |TAMS 0x0000000088100000, 0x0000000088100000| Untracked 
| 122|0x0000000088200000, 0x0000000088300000, 0x0000000088300000|100%| E|  |TAMS 0x0000000088200000, 0x0000000088200000| Complete 
| 123|0x0000000088300000, 0x0000000088400000, 0x0000000088400000|100%| E|CS|TAMS 0x0000000088300000, 0x0000000088300000| Complete 
| 124|0x0000000088400000, 0x0000000088500000, 0x0000000088500000|100%| E|CS|TAMS 0x0000000088400000, 0x0000000088400000| Complete 
| 125|0x0000000088500000, 0x0000000088600000, 0x0000000088600000|100%| E|CS|TAMS 0x0000000088500000, 0x0000000088500000| Complete 
| 126|0x0000000088600000, 0x0000000088700000, 0x0000000088700000|100%| E|CS|TAMS 0x0000000088600000, 0x0000000088600000| Complete 
| 127|0x0000000088700000, 0x0000000088800000, 0x0000000088800000|100%| E|CS|TAMS 0x0000000088700000, 0x0000000088700000| Complete 

Card table byte_map: [0x0000022abeb50000,0x0000022abef50000] _byte_map_base: 0x0000022abe74c000

Marking Bits (Prev, Next): (CMBitMap*) 0x0000022aa6ff4f88, (CMBitMap*) 0x0000022aa6ff4fc8
 Prev Bits: [0x0000022abf350000, 0x0000022ac1330000)
 Next Bits: [0x0000022ac1330000, 0x0000022ac3310000)

Polling page: 0x0000022aa4f60000

Metaspace:

Usage:
  Non-class:      7.12 MB capacity,     7.03 MB ( 99%) used,    68.02 KB ( <1%) free+waste,    17.81 KB ( <1%) overhead. 
      Class:      1.05 MB capacity,   957.63 KB ( 89%) used,   101.43 KB (  9%) free+waste,    11.94 KB (  1%) overhead. 
       Both:      8.16 MB capacity,     7.97 MB ( 98%) used,   169.45 KB (  2%) free+waste,    29.75 KB ( <1%) overhead. 

Virtual space:
  Non-class space:        8.00 MB reserved,       7.25 MB ( 91%) committed 
      Class space:        1.00 GB reserved,       1.13 MB ( <1%) committed 
             Both:        1.01 GB reserved,       8.38 MB ( <1%) committed 

Chunk freelists:
   Non-Class:  9.00 KB
       Class:  17.00 KB
        Both:  26.00 KB

MaxMetaspaceSize: 17179869184.00 GB
CompressedClassSpaceSize: 1.00 GB

CodeHeap 'non-profiled nmethods': size=120000Kb used=239Kb max_used=239Kb free=119760Kb
 bounds [0x0000022ab7220000, 0x0000022ab7490000, 0x0000022abe750000]
CodeHeap 'profiled nmethods': size=120000Kb used=1875Kb max_used=1875Kb free=118124Kb
 bounds [0x0000022aafcf0000, 0x0000022aaff60000, 0x0000022ab7220000]
CodeHeap 'non-nmethods': size=5760Kb used=1266Kb max_used=1281Kb free=4493Kb
 bounds [0x0000022aaf750000, 0x0000022aaf9c0000, 0x0000022aafcf0000]
 total_blobs=1470 nmethods=921 adapters=462
 compilation: enabled
              stopped_count=0, restarted_count=0
 full_count=0

Compilation events (20 events):
Event: 5.581 Thread 0x0000022ac580d000 nmethod 911 0x0000022ab725ac10 code [0x0000022ab725adc0, 0x0000022ab725aed8]
Event: 5.829 Thread 0x0000022ac580d000  912       4       java.util.concurrent.locks.ReentrantLock::unlock (10 bytes)
Event: 5.832 Thread 0x0000022ac580d000 nmethod 912 0x0000022ab725b010 code [0x0000022ab725b1e0, 0x0000022ab725b448]
Event: 7260.104 Thread 0x0000022ac5833800  914       3       java.lang.ref.ReferenceQueue::reallyPoll (65 bytes)
Event: 7260.114 Thread 0x0000022ac5833800 nmethod 914 0x0000022aafec1590 code [0x0000022aafec1760, 0x0000022aafec1c98]
Event: 13981.723 Thread 0x0000022ac5833800  916       3       java.util.HashMap$EntryIterator::next (5 bytes)
Event: 13981.728 Thread 0x0000022ac5833800 nmethod 916 0x0000022aafec1d90 code [0x0000022aafec1f40, 0x0000022aafec20e8]
Event: 13981.728 Thread 0x0000022ac5833800  917       3       java.util.HashMap$EntryIterator::next (5 bytes)
Event: 13981.728 Thread 0x0000022ac5833800 nmethod 917 0x0000022aafec2190 code [0x0000022aafec2340, 0x0000022aafec2488]
Event: 13981.768 Thread 0x0000022ac5833800  918       3       java.beans.PropertyChangeSupport::firePropertyChange (35 bytes)
Event: 13981.775 Thread 0x0000022ac5833800 nmethod 918 0x0000022aafec2510 code [0x0000022aafec2720, 0x0000022aafec2ee8]
Event: 15180.160 Thread 0x0000022ac5833800  919   !   3       java.lang.ref.ReferenceQueue::remove (125 bytes)
Event: 15180.176 Thread 0x0000022ac5833800 nmethod 919 0x0000022aafec3110 code [0x0000022aafec3320, 0x0000022aafec3bb8]
Event: 15300.159 Thread 0x0000022ac5833800  920   !   3       jdk.internal.ref.PhantomCleanable::isListEmpty (34 bytes)
Event: 15300.160 Thread 0x0000022ac5833800 nmethod 920 0x0000022aafec3f10 code [0x0000022aafec40c0, 0x0000022aafec43f8]
Event: 15300.160 Thread 0x0000022ac5833800  921       3       jdk.internal.misc.InnocuousThread::eraseThreadLocals (23 bytes)
Event: 15300.162 Thread 0x0000022ac5833800 nmethod 921 0x0000022aafec4510 code [0x0000022aafec46a0, 0x0000022aafec4898]
Event: 28735.404 Thread 0x0000022ac5833800  922       3       java.util.HashMap::<init> (11 bytes)
Event: 28735.419 Thread 0x0000022ac5833800 nmethod 922 0x0000022aafec4910 code [0x0000022aafec4ac0, 0x0000022aafec4c98]
Event: 28735.464 Thread 0x0000022ac580d000  923       4       java.util.HashMap::hash (20 bytes)

GC Heap History (0 events):
No events

Deoptimization events (16 events):
Event: 0.072 Thread 0x0000022aa6fb1000 Uncommon trap: trap_request=0xffffff45 fr.pc=0x0000022ab722442c relative=0x000000000000024c
Event: 0.072 Thread 0x0000022aa6fb1000 Uncommon trap: reason=unstable_if action=reinterpret pc=0x0000022ab722442c method=java.lang.String.hashCode()I @ 13 c2
Event: 0.072 Thread 0x0000022aa6fb1000 DEOPT PACKING pc=0x0000022ab722442c sp=0x000000862befcdb0
Event: 0.072 Thread 0x0000022aa6fb1000 DEOPT UNPACKING pc=0x0000022aaf79912f sp=0x000000862befcd48 mode 2
Event: 0.240 Thread 0x0000022aa6fb1000 Uncommon trap: trap_request=0xffffffe5 fr.pc=0x0000022ab723c0d8 relative=0x0000000000000198
Event: 0.240 Thread 0x0000022aa6fb1000 Uncommon trap: reason=range_check action=reinterpret pc=0x0000022ab723c0d8 method=java.lang.StringLatin1.indexOf([BII)I @ 13 c2
Event: 0.240 Thread 0x0000022aa6fb1000 DEOPT PACKING pc=0x0000022ab723c0d8 sp=0x000000862befc780
Event: 0.240 Thread 0x0000022aa6fb1000 DEOPT UNPACKING pc=0x0000022aaf79912f sp=0x000000862befc700 mode 2
Event: 0.272 Thread 0x0000022aa6fb1000 Uncommon trap: trap_request=0xffffff45 fr.pc=0x0000022ab723f93c relative=0x000000000000009c
Event: 0.272 Thread 0x0000022aa6fb1000 Uncommon trap: reason=unstable_if action=reinterpret pc=0x0000022ab723f93c method=java.util.HashMap.hash(Ljava/lang/Object;)I @ 1 c2
Event: 0.272 Thread 0x0000022aa6fb1000 DEOPT PACKING pc=0x0000022ab723f93c sp=0x000000862befece0
Event: 0.272 Thread 0x0000022aa6fb1000 DEOPT UNPACKING pc=0x0000022aaf79912f sp=0x000000862befec78 mode 2
Event: 7.036 Thread 0x0000022ac62a9000 Uncommon trap: trap_request=0xffffff45 fr.pc=0x0000022ab7257d90 relative=0x0000000000000250
Event: 7.036 Thread 0x0000022ac62a9000 Uncommon trap: reason=unstable_if action=reinterpret pc=0x0000022ab7257d90 method=java.security.AccessControlContext.optimize()Ljava/security/AccessControlContext; @ 207 c2
Event: 7.036 Thread 0x0000022ac62a9000 DEOPT PACKING pc=0x0000022ab7257d90 sp=0x000000862d3fe9d0
Event: 7.036 Thread 0x0000022ac62a9000 DEOPT UNPACKING pc=0x0000022aaf79912f sp=0x000000862d3fe930 mode 2

Classes unloaded (0 events):
No events

Classes redefined (0 events):
No events

Internal exceptions (20 events):
Event: 0.268 Thread 0x0000022aa6fb1000 Exception <a 'java/lang/ClassNotFoundException'{0x0000000088492078}: EditorPane> (0x0000000088492078) 
thrown [./open/src/hotspot/share/classfile/systemDictionary.cpp, line 226]
Event: 0.269 Thread 0x0000022aa6fb1000 Exception <a 'java/lang/ClassNotFoundException'{0x00000000884929d8}: ToolBar> (0x00000000884929d8) 
thrown [./open/src/hotspot/share/classfile/systemDictionary.cpp, line 226]
Event: 0.269 Thread 0x0000022aa6fb1000 Exception <a 'java/lang/ClassNotFoundException'{0x0000000088492ed0}: ToolBar> (0x0000000088492ed0) 
thrown [./open/src/hotspot/share/classfile/systemDictionary.cpp, line 226]
Event: 0.269 Thread 0x0000022aa6fb1000 Exception <a 'java/lang/ClassNotFoundException'{0x0000000088493230}: Button> (0x0000000088493230) 
thrown [./open/src/hotspot/share/classfile/systemDictionary.cpp, line 226]
Event: 0.269 Thread 0x0000022aa6fb1000 Exception <a 'java/lang/ClassNotFoundException'{0x00000000884936f8}: ToolBar> (0x00000000884936f8) 
thrown [./open/src/hotspot/share/classfile/systemDictionary.cpp, line 226]
Event: 0.269 Thread 0x0000022aa6fb1000 Exception <a 'java/lang/ClassNotFoundException'{0x0000000088493a68}: ToggleButton> (0x0000000088493a68) 
thrown [./open/src/hotspot/share/classfile/systemDictionary.cpp, line 226]
Event: 0.269 Thread 0x0000022aa6fb1000 Exception <a 'java/lang/ClassNotFoundException'{0x0000000088493ea8}: javax/swing/JToolBarSeparator> (0x0000000088493ea8) 
thrown [./open/src/hotspot/share/classfile/systemDictionary.cpp, line 226]
Event: 0.269 Thread 0x0000022aa6fb1000 Exception <a 'java/lang/ClassNotFoundException'{0x00000000884941b0}: ToolBarSeparator> (0x00000000884941b0) 
thrown [./open/src/hotspot/share/classfile/systemDictionary.cpp, line 226]
Event: 0.269 Thread 0x0000022aa6fb1000 Exception <a 'java/lang/ClassNotFoundException'{0x00000000884946c8}: ToolTip> (0x00000000884946c8) 
thrown [./open/src/hotspot/share/classfile/systemDictionary.cpp, line 226]
Event: 0.270 Thread 0x0000022aa6fb1000 Exception <a 'java/lang/ClassNotFoundException'{0x0000000088495018}: Tree> (0x0000000088495018) 
thrown [./open/src/hotspot/share/classfile/systemDictionary.cpp, line 226]
Event: 0.270 Thread 0x0000022aa6fb1000 Exception <a 'java/lang/ClassNotFoundException'{0x0000000088495510}: Tree> (0x0000000088495510) 
thrown [./open/src/hotspot/share/classfile/systemDictionary.cpp, line 226]
Event: 0.270 Thread 0x0000022aa6fb1000 Exception <a 'java/lang/ClassNotFoundException'{0x0000000088495880}: javax/swing/JTreeCell> (0x0000000088495880) 
thrown [./open/src/hotspot/share/classfile/systemDictionary.cpp, line 226]
Event: 0.270 Thread 0x0000022aa6fb1000 Exception <a 'java/lang/ClassNotFoundException'{0x0000000088495b80}: TreeCell> (0x0000000088495b80) 
thrown [./open/src/hotspot/share/classfile/systemDictionary.cpp, line 226]
Event: 0.271 Thread 0x0000022aa6fb1000 Exception <a 'java/lang/ClassNotFoundException'{0x0000000088496340}: RootPane> (0x0000000088496340) 
thrown [./open/src/hotspot/share/classfile/systemDictionary.cpp, line 226]
Event: 0.272 Thread 0x0000022aa6fb1000 Implicit null exception at 0x0000022ab723f8af to 0x0000022ab723f92d
Event: 0.273 Thread 0x0000022aa6fb1000 Exception <a 'java/lang/ClassNotFoundException'{0x0000000088499190}: com/sun/swing/internal/plaf/metal/resources/spi/metalProvider> (0x0000000088499190) 
thrown [./open/src/hotspot/share/classfile/systemDictionary.cpp, line 226]
Event: 0.274 Thread 0x0000022aa6fb1000 Exception <a 'java/lang/ClassNotFoundException'{0x000000008849cf90}: com/sun/swing/internal/plaf/basic/resources/spi/basicProvider> (0x000000008849cf90) 
thrown [./open/src/hotspot/share/classfile/systemDictionary.cpp, line 226]
Event: 0.476 Thread 0x0000022ac62a9000 Exception <a 'java/lang/ClassNotFoundException'{0x00000000883601b8}: com/sun/swing/internal/plaf/synth/resources/spi/synthProvider> (0x00000000883601b8) 
thrown [./open/src/hotspot/share/classfile/systemDictionary.cpp, line 226]
Event: 0.513 Thread 0x0000022ac62a9000 Exception <a 'java/lang/NoSuchMethodError'{0x00000000883bf8d0}: 'void java.lang.invoke.DirectMethodHandle$Holder.invokeStaticInit(java.lang.Object)'> (0x00000000883bf8d0) 
thrown [./open/src/hotspot/share/interpreter/linkResolver.cpp, line 766]
Event: 0.519 Thread 0x0000022ac62a9000 Exception <a 'java/lang/NoSuchMethodError'{0x00000000883e7778}: 'java.lang.Object java.lang.invoke.Invokers$Holder.linkToTargetMethod(java.lang.Object, int, java.lang.Object)'> (0x00000000883e7778) 
thrown [./open/src/hotspot/share/interpreter/linkResolver.cpp, line 766]

Events (20 events):
Event: 4.718 loading class java/awt/event/MouseEvent$1 done
Event: 4.718 loading class java/awt/Cursor$CursorDisposer
Event: 4.718 loading class java/awt/Cursor$CursorDisposer done
Event: 4.719 loading class java/awt/event/MouseWheelEvent
Event: 4.719 loading class java/awt/event/MouseWheelEvent done
Event: 7.027 loading class java/awt/KeyboardFocusManager$2
Event: 7.027 loading class java/awt/KeyboardFocusManager$2 done
Event: 7.027 loading class sun/awt/SunToolkit$1
Event: 7.027 loading class sun/awt/SunToolkit$1 done
Event: 7020.096 Loaded shared library E:\Programs\Java\bin\java.dll
Event: 13981.691 Executing VM operation: HandshakeOneThread
Event: 13981.693 Executing VM operation: HandshakeOneThread done
Event: 13981.765 Executing VM operation: HandshakeOneThread
Event: 13981.765 Executing VM operation: HandshakeOneThread done
Event: 13981.767 Executing VM operation: HandshakeOneThread
Event: 13981.767 Executing VM operation: HandshakeOneThread done
Event: 28735.456 loading class java/util/WeakHashMap$KeyIterator
Event: 28735.468 loading class java/util/WeakHashMap$HashIterator
Event: 28735.473 loading class java/util/WeakHashMap$HashIterator done
Event: 28735.485 loading class java/util/WeakHashMap$KeyIterator done


Dynamic libraries:
0x00007ff606b30000 - 0x00007ff606b3f000 	E:\Programs\Java\bin\java.exe
0x00007ffd40280000 - 0x00007ffd40470000 	C:\WINDOWS\SYSTEM32\ntdll.dll
0x00007ffd3efd0000 - 0x00007ffd3f082000 	C:\WINDOWS\System32\KERNEL32.DLL
0x00007ffd3d730000 - 0x00007ffd3d9d4000 	C:\WINDOWS\System32\KERNELBASE.dll
0x00007ffd3d5a0000 - 0x00007ffd3d69a000 	C:\WINDOWS\System32\ucrtbase.dll
0x00007ffd2cd10000 - 0x00007ffd2cd28000 	E:\Programs\Java\bin\jli.dll
0x00007ffd2cdc0000 - 0x00007ffd2cdd5000 	E:\Programs\Java\bin\VCRUNTIME140.dll
0x00007ffd3f820000 - 0x00007ffd3f8c3000 	C:\WINDOWS\System32\ADVAPI32.dll
0x00007ffd3ef30000 - 0x00007ffd3efce000 	C:\WINDOWS\System32\msvcrt.dll
0x00007ffd3ffa0000 - 0x00007ffd40037000 	C:\WINDOWS\System32\sechost.dll
0x00007ffd40120000 - 0x00007ffd40240000 	C:\WINDOWS\System32\RPCRT4.dll
0x00007ffd3f980000 - 0x00007ffd3fb14000 	C:\WINDOWS\System32\USER32.dll
0x00007ffd35a30000 - 0x00007ffd35cb4000 	C:\WINDOWS\WinSxS\amd64_microsoft.windows.common-controls_6595b64144ccf1df_6.0.18362.959_none_e6c7bbbf130c62bb\COMCTL32.dll
0x00007ffd3d6a0000 - 0x00007ffd3d6c1000 	C:\WINDOWS\System32\win32u.dll
0x00007ffd3f0b0000 - 0x00007ffd3f3e5000 	C:\WINDOWS\System32\combase.dll
0x00007ffd3f560000 - 0x00007ffd3f586000 	C:\WINDOWS\System32\GDI32.dll
0x00007ffd3d9e0000 - 0x00007ffd3db76000 	C:\WINDOWS\System32\gdi32full.dll
0x00007ffd3d3a0000 - 0x00007ffd3d420000 	C:\WINDOWS\System32\bcryptPrimitives.dll
0x00007ffd3d200000 - 0x00007ffd3d29e000 	C:\WINDOWS\System32\msvcp_win.dll
0x00007ffd38230000 - 0x00007ffd3823a000 	C:\WINDOWS\SYSTEM32\VERSION.dll
0x00007ffd3f400000 - 0x00007ffd3f42e000 	C:\WINDOWS\System32\IMM32.DLL
0x00007ffd17d50000 - 0x00007ffd17deb000 	E:\Programs\Java\bin\msvcp140.dll
0x00007ffce2c70000 - 0x00007ffce378e000 	E:\Programs\Java\bin\server\jvm.dll
0x00007ffd3ff90000 - 0x00007ffd3ff98000 	C:\WINDOWS\System32\PSAPI.DLL
0x00007ffd39d50000 - 0x00007ffd39d74000 	C:\WINDOWS\SYSTEM32\WINMM.dll
0x00007ffd26220000 - 0x00007ffd26229000 	C:\WINDOWS\SYSTEM32\WSOCK32.dll
0x00007ffd400b0000 - 0x00007ffd4011f000 	C:\WINDOWS\System32\WS2_32.dll
0x00007ffd39d20000 - 0x00007ffd39d4d000 	C:\WINDOWS\SYSTEM32\WINMMBASE.dll
0x00007ffd3d2a0000 - 0x00007ffd3d2ea000 	C:\WINDOWS\System32\cfgmgr32.dll
0x00007ffd3d140000 - 0x00007ffd3d151000 	C:\WINDOWS\System32\kernel.appcore.dll
0x00007ffd35cf0000 - 0x00007ffd35cfa000 	E:\Programs\Java\bin\jimage.dll
0x00007ffd23990000 - 0x00007ffd23b84000 	C:\WINDOWS\SYSTEM32\DBGHELP.DLL
0x00007ffd235b0000 - 0x00007ffd235da000 	C:\WINDOWS\SYSTEM32\dbgcore.DLL
0x00007ffd2c8d0000 - 0x00007ffd2c8f5000 	E:\Programs\Java\bin\java.dll
0x00007ffd2c660000 - 0x00007ffd2c676000 	E:\Programs\Java\bin\zip.dll
0x00007ffd3e700000 - 0x00007ffd3ede6000 	C:\WINDOWS\System32\SHELL32.dll
0x00007ffd3f8d0000 - 0x00007ffd3f979000 	C:\WINDOWS\System32\shcore.dll
0x00007ffd3db80000 - 0x00007ffd3e302000 	C:\WINDOWS\System32\windows.storage.dll
0x00007ffd3d1d0000 - 0x00007ffd3d1f3000 	C:\WINDOWS\System32\profapi.dll
0x00007ffd3d180000 - 0x00007ffd3d1ca000 	C:\WINDOWS\System32\powrprof.dll
0x00007ffd3d130000 - 0x00007ffd3d140000 	C:\WINDOWS\System32\UMPDC.dll
0x00007ffd3f430000 - 0x00007ffd3f482000 	C:\WINDOWS\System32\shlwapi.dll
0x00007ffd3e310000 - 0x00007ffd3e327000 	C:\WINDOWS\System32\cryptsp.dll
0x00007ffd079d0000 - 0x00007ffd07b69000 	E:\Programs\Java\bin\awt.dll
0x00007ffd3e630000 - 0x00007ffd3e6f5000 	C:\WINDOWS\System32\OLEAUT32.dll
0x00007ffd3b2c0000 - 0x00007ffd3b34f000 	C:\WINDOWS\SYSTEM32\apphelp.dll
0x00007ffd3b3f0000 - 0x00007ffd3b489000 	C:\WINDOWS\system32\uxtheme.dll
0x00007ffd3edf0000 - 0x00007ffd3ef25000 	C:\WINDOWS\System32\MSCTF.dll
0x00007ffd3f6c0000 - 0x00007ffd3f817000 	C:\WINDOWS\System32\ole32.dll
0x00007ffd3b550000 - 0x00007ffd3b57d000 	C:\WINDOWS\system32\DWMAPI.DLL
0x00007ffd0b300000 - 0x00007ffd0b382000 	E:\Programs\Java\bin\freetype.dll
0x00007ffd0b250000 - 0x00007ffd0b2f6000 	E:\Programs\Java\bin\fontmanager.dll
0x00007ffd06ff0000 - 0x00007ffd07146000 	C:\WINDOWS\system32\opengl32.dll
0x00007ffd23240000 - 0x00007ffd2326c000 	C:\WINDOWS\SYSTEM32\GLU32.dll
0x00007ffd3bda0000 - 0x00007ffd3bdc0000 	C:\WINDOWS\SYSTEM32\dxcore.dll
0x00007ffd2c010000 - 0x00007ffd2c1d7000 	C:\WINDOWS\system32\d3d9.dll
0x00007ffd35e90000 - 0x00007ffd35f7e000 	C:\WINDOWS\System32\DriverStore\FileRepository\nv_dispi.inf_amd64_db678424d2641c3d\nvldumdx.dll
0x00007ffd3d450000 - 0x00007ffd3d599000 	C:\WINDOWS\System32\crypt32.dll
0x00007ffd3d160000 - 0x00007ffd3d172000 	C:\WINDOWS\System32\MSASN1.dll
0x00007ffd3d6d0000 - 0x00007ffd3d72c000 	C:\WINDOWS\System32\WINTRUST.DLL
0x00007ffd3f090000 - 0x00007ffd3f0ad000 	C:\WINDOWS\System32\imagehlp.dll
0x00007ffd3c510000 - 0x00007ffd3c543000 	C:\WINDOWS\system32\rsaenh.dll
0x00007ffd3d420000 - 0x00007ffd3d446000 	C:\WINDOWS\System32\bcrypt.dll
0x00007ffd3cb70000 - 0x00007ffd3cb7c000 	C:\WINDOWS\SYSTEM32\CRYPTBASE.dll
0x00007ffcebe10000 - 0x00007ffced2ab000 	C:\WINDOWS\System32\DriverStore\FileRepository\nv_dispi.inf_amd64_db678424d2641c3d\nvd3dumx.dll
0x00007ffd0ac90000 - 0x00007ffd0af47000 	C:\WINDOWS\system32\nvspcap64.dll
0x00007ffd3c190000 - 0x00007ffd3c1c1000 	C:\WINDOWS\SYSTEM32\ntmarta.dll
0x00007ffd3bd50000 - 0x00007ffd3bd72000 	C:\WINDOWS\SYSTEM32\gpapi.dll
0x00007ffd369c0000 - 0x00007ffd369ef000 	C:\WINDOWS\SYSTEM32\cryptnet.dll
0x00007ffd32db0000 - 0x00007ffd32e4e000 	C:\WINDOWS\System32\TextInputFramework.dll
0x00007ffd3ad40000 - 0x00007ffd3ae14000 	C:\WINDOWS\System32\CoreMessaging.dll
0x00007ffd38ba0000 - 0x00007ffd38eca000 	C:\WINDOWS\System32\CoreUIComponents.dll
0x00007ffd38990000 - 0x00007ffd38ae3000 	C:\WINDOWS\SYSTEM32\wintypes.dll
0x00007ffd34f50000 - 0x00007ffd351f6000 	C:\WINDOWS\System32\iertutil.dll
0x00007ffcf5c70000 - 0x00007ffcf5cf9000 	E:\Programs\Games\Overwolf\0.149.2.30\OWExplorer.dll

dbghelp: loaded successfully - version: 4.0.5 - missing functions: none
symbol engine: initialized successfully - sym options: 0x614 - pdb path: .;E:\Programs\Java\bin;C:\WINDOWS\SYSTEM32;C:\WINDOWS\WinSxS\amd64_microsoft.windows.common-controls_6595b64144ccf1df_6.0.18362.959_none_e6c7bbbf130c62bb;E:\Programs\Java\bin\server;C:\WINDOWS\System32\DriverStore\FileRepository\nv_dispi.inf_amd64_db678424d2641c3d;E:\Programs\Games\Overwolf\0.149.2.30

VM Arguments:
java_command: com.mycompany.nsfd.mainJFrame
java_class_path (initial): D:\NetBeansProjects\NSFD\target\classes
Launcher Type: SUN_STANDARD

[Global flags]
     intx CICompilerCount                          = 3                                         {product} {ergonomic}
     uint ConcGCThreads                            = 1                                         {product} {ergonomic}
     uint G1ConcRefinementThreads                  = 4                                         {product} {ergonomic}
   size_t G1HeapRegionSize                         = 1048576                                   {product} {ergonomic}
    uintx GCDrainStackTargetSize                   = 64                                        {product} {ergonomic}
   size_t InitialHeapSize                          = 134217728                                 {product} {ergonomic}
   size_t MarkStackSize                            = 4194304                                   {product} {ergonomic}
   size_t MaxHeapSize                              = 2139095040                                {product} {ergonomic}
   size_t MaxNewSize                               = 1283457024                                {product} {ergonomic}
   size_t MinHeapDeltaBytes                        = 1048576                                   {product} {ergonomic}
   size_t MinHeapSize                              = 8388608                                   {product} {ergonomic}
    uintx NonNMethodCodeHeapSize                   = 5832780                                {pd product} {ergonomic}
    uintx NonProfiledCodeHeapSize                  = 122912730                              {pd product} {ergonomic}
    uintx ProfiledCodeHeapSize                     = 122912730                              {pd product} {ergonomic}
    uintx ReservedCodeCacheSize                    = 251658240                              {pd product} {ergonomic}
     bool SegmentedCodeCache                       = true                                      {product} {ergonomic}
   size_t SoftMaxHeapSize                          = 2139095040                             {manageable} {ergonomic}
     bool UseCompressedClassPointers               = true                                 {lp64_product} {ergonomic}
     bool UseCompressedOops                        = true                                 {lp64_product} {ergonomic}
     bool UseG1GC                                  = true                                      {product} {ergonomic}
     bool UseLargePagesIndividualAllocation        = false                                  {pd product} {ergonomic}

Logging:
Log output configuration:
 #0: stdout all=warning uptime,level,tags
 #1: stderr all=off uptime,level,tags

Environment Variables:
JAVA_HOME=E:\Programs\Java
PATH=C:\Program Files (x86)\Common Files\Intel\Shared Libraries\redist\intel64\compiler;C:\app\Ellie\product\18.0.0\dbhomeXE\bin;C:\Program Files (x86)\Razer Chroma SDK\bin;C:\Program Files\Razer Chroma SDK\bin;C:\ProgramData\Oracle\Java\javapath;C:\Windows\system32;C:\Windows;C:\Windows\System32\Wbem;C:\Windows\System32\WindowsPowerShell\v1.0\;C:\Program Files (x86)\NVIDIA Corporation\PhysX\Common;C:\WINDOWS\system32;C:\WINDOWS;C:\WINDOWS\System32\Wbem;C:\WINDOWS\System32\WindowsPowerShell\v1.0\;C:\WINDOWS\System32\OpenSSH\;C:\Program Files\PuTTY\;C:\WINDOWS\system32\config\systemprofile\AppData\Local\Microsoft\WindowsApps;C:\Program Files\NVIDIA Corporation\NVIDIA NvDLISR;C:\WINDOWS\system32;C:\WINDOWS;C:\WINDOWS\System32\Wbem;C:\WINDOWS\System32\WindowsPowerShell\v1.0\;C:\WINDOWS\System32\OpenSSH\;C:\Users\Ellie\AppData\Local\Microsoft\WindowsApps;C:\Users\Ellie\AppData\Local\GitHubDesktop\bin;C:\Users\Ellie\AppData\Local\atom\bin;C:\Users\Ellie\AppData\Local\Microsoft\WindowsApps;C:\Program Files (x86)\Nmap;
USERNAME=Ellie
OS=Windows_NT
PROCESSOR_IDENTIFIER=Intel64 Family 6 Model 94 Stepping 3, GenuineIntel



---------------  S Y S T E M  ---------------

OS: Windows 10 , 64 bit Build 18362 (10.0.18362.959)
OS uptime: 24 days 21:16 hours

CPU:total 4 (initial active 4) (4 cores per cpu, 1 threads per core) family 6 model 94 stepping 3, cmov, cx8, fxsr, mmx, sse, sse2, sse3, ssse3, sse4.1, sse4.2, popcnt, avx, avx2, aes, clmul, erms, rtm, 3dnowpref, lzcnt, tsc, tscinvbit, bmi1, bmi2, adx, fma

Memory: 4k page, system-wide physical 8156M (229M free)
TotalPageFile size 32732M (AvailPageFile size 0M)
current process WorkingSet (physical memory assigned to process): 14M, peak: 75M
current process commit charge ("private bytes"): 236M, peak: 242M

vm_info: Java HotSpot(TM) 64-Bit Server VM (14.0.2+12-46) for windows-amd64 JRE (14.0.2+12-46), built on Jul  9 2020 00:35:52 by "mach5one" with MS VC++ 15.9 (VS2017)

END.
